{"/Users/danielgarcia/Documents/sources/webmad1018/calculator.js/index.js":{"path":"/Users/danielgarcia/Documents/sources/webmad1018/calculator.js/index.js","s":{"1":1,"2":6,"3":1,"4":6,"5":1,"6":6,"7":1,"8":1,"9":1},"b":{},"f":{"1":6,"2":6,"3":6,"4":1},"fnMap":{"1":{"name":"add","line":3,"loc":{"start":{"line":3,"column":0},"end":{"line":3,"column":19}}},"2":{"name":"subtract","line":7,"loc":{"start":{"line":7,"column":0},"end":{"line":7,"column":24}}},"3":{"name":"divide","line":11,"loc":{"start":{"line":11,"column":0},"end":{"line":11,"column":22}}},"4":{"name":"multiply","line":15,"loc":{"start":{"line":15,"column":0},"end":{"line":15,"column":24}}}},"statementMap":{"1":{"start":{"line":3,"column":0},"end":{"line":5,"column":1}},"2":{"start":{"line":4,"column":2},"end":{"line":4,"column":15}},"3":{"start":{"line":7,"column":0},"end":{"line":9,"column":1}},"4":{"start":{"line":8,"column":2},"end":{"line":8,"column":15}},"5":{"start":{"line":11,"column":0},"end":{"line":13,"column":1}},"6":{"start":{"line":12,"column":2},"end":{"line":12,"column":15}},"7":{"start":{"line":15,"column":0},"end":{"line":17,"column":1}},"8":{"start":{"line":16,"column":2},"end":{"line":16,"column":15}},"9":{"start":{"line":19,"column":0},"end":{"line":24,"column":2}}},"branchMap":{}}}